<?xml version="1.0" encoding="UTF-8"?>
<testsuite name="MethodsTest" tests="1" skipped="0" failures="0" errors="0" timestamp="2021-10-28T14:25:08" hostname="DESKTOP-B03MU0I" time="0.035">
  <properties/>
  <testcase name="digitsInNumberTest()" classname="MethodsTest" time="0.035"/>
  <system-out><![CDATA[]]></system-out>
  <system-err><![CDATA[]]></system-err>
</testsuite>
